2020-12-09 23:52 - welcome to copariso suites Power By SPW
2020-12-09 23:52 - database file not found!
2020-12-09 23:52 - log doesn't exists re-crate : /Users/spw/Desktop/Github/copariso-suites/target/classes/serverLog.log (No such file or directory)
2020-12-09 23:53 - welcome to copariso suites Power By SPW
2020-12-10 00:01 - welcome to copariso suites Power By SPW
2020-12-10 00:02 - welcome to copariso suites Power By SPW
2020-12-10 00:03 - compare /Users/spw/oldFile.pdf and /Users/spw/newFile.pdf
2020-12-10 00:03 - Copariso created old-new text-only compare file : /Users/spw/Desktop/older_oldFile_10-12-2020_00-03-07_newFile.pdf
2020-12-10 00:03 - Copariso created new-old text-only compare file : /Users/spw/Desktop/newer_oldFile_10-12-2020_00-03-07_newFile.pdf
2020-12-10 00:03 - Copariso created overall compare file : /Users/spw/Desktop/overall_oldFile_10-12-2020_00-03-07_newFile.pdf
2020-12-10 00:03 - PDFViewer open /Users/spw/Desktop/older_oldFile_10-12-2020_00-03-07_newFile.pdf Size(612.0, 792.0) Number of pages = 3
2020-12-10 00:03 - PDFViewer open /Users/spw/Desktop/newer_oldFile_10-12-2020_00-03-07_newFile.pdf Size(612.0, 792.0) Number of pages = 3
2020-12-10 00:03 - compare success enjoy!
2020-12-10 00:03 - PDFViewer open /Users/spw/Desktop/older_oldFile_10-12-2020_00-03-07_newFile.pdf Size(612.0, 792.0) Number of pages = 3
2020-12-10 00:03 - PDFViewer open /Users/spw/Desktop/newer_oldFile_10-12-2020_00-03-07_newFile.pdf Size(612.0, 792.0) Number of pages = 3
2020-12-10 00:03 - PDFViewer open /Users/spw/Desktop/older_oldFile_10-12-2020_00-03-07_newFile.pdf Size(612.0, 792.0) Number of pages = 3
2020-12-10 00:03 - PDFViewer open /Users/spw/Desktop/newer_oldFile_10-12-2020_00-03-07_newFile.pdf Size(612.0, 792.0) Number of pages = 3
2020-12-10 00:04 - welcome to copariso suites Power By SPW
2020-12-10 00:05 - welcome to copariso suites Power By SPW
2020-12-10 00:07 - welcome to copariso suites Power By SPW
2020-12-10 00:08 - welcome to copariso suites Power By SPW
2020-12-10 00:08 - welcome to copariso suites Power By SPW
2020-12-10 00:09 - welcome to copariso suites Power By SPW
2020-12-10 00:18 - welcome to copariso suites Power By SPW
2020-12-10 00:18 - PDFViewer open /Users/spw/Desktop/older_oldFile_10-12-2020_00-03-07_newFile.pdf Size(612.0, 792.0) Number of pages = 3
2020-12-10 00:18 - PDFViewer open /Users/spw/Desktop/newer_oldFile_10-12-2020_00-03-07_newFile.pdf Size(612.0, 792.0) Number of pages = 3
2020-12-10 00:18 - PDFViewer open /Users/spw/Desktop/overall_oldFile_10-12-2020_00-03-07_newFile.pdf.pdf Size(612.0, 792.0) Number of pages = 3
2020-12-10 00:18 - PDFViewer open /Users/spw/Desktop/older_oldFile_10-12-2020_00-03-07_newFile.pdf Size(612.0, 792.0) Number of pages = 3
2020-12-10 00:18 - PDFViewer open /Users/spw/Desktop/newer_oldFile_10-12-2020_00-03-07_newFile.pdf Size(612.0, 792.0) Number of pages = 3
2020-12-10 00:18 - PDFViewer open /Users/spw/Desktop/overall_oldFile_10-12-2020_00-03-07_newFile.pdf.pdf Size(612.0, 792.0) Number of pages = 3
2020-12-10 00:18 - PDFViewer open /Users/spw/Desktop/older_oldFile_10-12-2020_00-03-07_newFile.pdf Size(612.0, 792.0) Number of pages = 3
2020-12-10 00:18 - PDFViewer open /Users/spw/Desktop/newer_oldFile_10-12-2020_00-03-07_newFile.pdf Size(612.0, 792.0) Number of pages = 3
2020-12-10 00:18 - PDFViewer open /Users/spw/Desktop/overall_oldFile_10-12-2020_00-03-07_newFile.pdf.pdf Size(612.0, 792.0) Number of pages = 3
2020-12-10 00:18 - PDFViewer open /Users/spw/Desktop/older_oldFile_10-12-2020_00-03-07_newFile.pdf Size(612.0, 792.0) Number of pages = 3
2020-12-10 00:18 - PDFViewer open /Users/spw/Desktop/newer_oldFile_10-12-2020_00-03-07_newFile.pdf Size(612.0, 792.0) Number of pages = 3
2020-12-10 00:18 - PDFViewer open /Users/spw/Desktop/overall_oldFile_10-12-2020_00-03-07_newFile.pdf.pdf Size(612.0, 792.0) Number of pages = 3
2020-12-10 00:18 - PDFViewer open /Users/spw/Desktop/older_oldFile_10-12-2020_00-03-07_newFile.pdf Size(612.0, 792.0) Number of pages = 3
2020-12-10 00:18 - PDFViewer open /Users/spw/Desktop/newer_oldFile_10-12-2020_00-03-07_newFile.pdf Size(612.0, 792.0) Number of pages = 3
2020-12-10 00:24 - welcome to copariso suites Power By SPW
